# JRE version: OpenJDK Runtime Environment (8.0_242-b01) (build 1.8.0_242-release-1644-b01)
# Java VM: OpenJDK 64-Bit Server VM (25.242-b01 mixed mode windows-amd64 compressed oops)
Heap:
 PSYoungGen      total 175104K, used 111033K [0x00000000e0000000, 0x00000000ecf00000, 0x0000000100000000)
  eden space 172032K, 62% used [0x00000000e0000000,0x00000000e698ef38,0x00000000ea800000)
  from space 3072K, 95% used [0x00000000ead00000,0x00000000eafdf890,0x00000000eb000000)
  to   space 19968K, 0% used [0x00000000ebb80000,0x00000000ebb80000,0x00000000ecf00000)
 ParOldGen       total 223232K, used 148193K [0x00000000a0000000, 0x00000000ada00000, 0x00000000e0000000)
  object space 223232K, 66% used [0x00000000a0000000,0x00000000a90b84a0,0x00000000ada00000)
 Metaspace       used 81127K, capacity 85602K, committed 85760K, reserved 1124352K
  class space    used 10860K, capacity 11749K, committed 11776K, reserved 1048576K
GC Heap History (10 events):
Event: 104.219 GC heap before
{Heap before GC invocations=27 (full 3):
 PSYoungGen      total 154112K, used 151343K [0x00000000e0000000, 0x00000000ec280000, 0x0000000100000000)
  eden space 135168K, 99% used [0x00000000e0000000,0x00000000e8382e68,0x00000000e8400000)
  from space 18944K, 88% used [0x00000000e8400000,0x00000000e9449120,0x00000000e9680000)
  to   space 20480K, 0% used [0x00000000eae80000,0x00000000eae80000,0x00000000ec280000)
 ParOldGen       total 129536K, used 94773K [0x00000000a0000000, 0x00000000a7e80000, 0x00000000e0000000)
  object space 129536K, 73% used [0x00000000a0000000,0x00000000a5c8d658,0x00000000a7e80000)
 Metaspace       used 76347K, capacity 80534K, committed 80768K, reserved 1118208K
  class space    used 10562K, capacity 11386K, committed 11392K, reserved 1048576K
Event: 104.243 GC heap after
Heap after GC invocations=27 (full 3):
 PSYoungGen      total 175616K, used 9624K [0x00000000e0000000, 0x00000000ec000000, 0x0000000100000000)
  eden space 157696K, 0% used [0x00000000e0000000,0x00000000e0000000,0x00000000e9a00000)
  from space 17920K, 53% used [0x00000000eae80000,0x00000000eb7e61f8,0x00000000ec000000)
  to   space 19456K, 0% used [0x00000000e9a00000,0x00000000e9a00000,0x00000000ead00000)
 ParOldGen       total 129536K, used 106497K [0x00000000a0000000, 0x00000000a7e80000, 0x00000000e0000000)
  object space 129536K, 82% used [0x00000000a0000000,0x00000000a6800520,0x00000000a7e80000)
 Metaspace       used 76347K, capacity 80534K, committed 80768K, reserved 1118208K
  class space    used 10562K, capacity 11386K, committed 11392K, reserved 1048576K
}
Event: 104.243 GC heap before
{Heap before GC invocations=28 (full 4):
 PSYoungGen      total 175616K, used 9624K [0x00000000e0000000, 0x00000000ec000000, 0x0000000100000000)
  eden space 157696K, 0% used [0x00000000e0000000,0x00000000e0000000,0x00000000e9a00000)
  from space 17920K, 53% used [0x00000000eae80000,0x00000000eb7e61f8,0x00000000ec000000)
  to   space 19456K, 0% used [0x00000000e9a00000,0x00000000e9a00000,0x00000000ead00000)
 ParOldGen       total 129536K, used 106497K [0x00000000a0000000, 0x00000000a7e80000, 0x00000000e0000000)
  object space 129536K, 82% used [0x00000000a0000000,0x00000000a6800520,0x00000000a7e80000)
 Metaspace       used 76347K, capacity 80534K, committed 80768K, reserved 1118208K
  class space    used 10562K, capacity 11386K, committed 11392K, reserved 1048576K
Event: 104.527 GC heap after
Heap after GC invocations=28 (full 4):
 PSYoungGen      total 175616K, used 0K [0x00000000e0000000, 0x00000000ec000000, 0x0000000100000000)
  eden space 157696K, 0% used [0x00000000e0000000,0x00000000e0000000,0x00000000e9a00000)
  from space 17920K, 0% used [0x00000000eae80000,0x00000000eae80000,0x00000000ec000000)
  to   space 19456K, 0% used [0x00000000e9a00000,0x00000000e9a00000,0x00000000ead00000)
 ParOldGen       total 223232K, used 78871K [0x00000000a0000000, 0x00000000ada00000, 0x00000000e0000000)
  object space 223232K, 35% used [0x00000000a0000000,0x00000000a4d05ea0,0x00000000ada00000)
 Metaspace       used 76292K, capacity 80382K, committed 80768K, reserved 1118208K
  class space    used 10544K, capacity 11356K, committed 11392K, reserved 1048576K
}
Event: 984.695 GC heap before
{Heap before GC invocations=29 (full 4):
 PSYoungGen      total 175616K, used 157696K [0x00000000e0000000, 0x00000000ec000000, 0x0000000100000000)
  eden space 157696K, 100% used [0x00000000e0000000,0x00000000e9a00000,0x00000000e9a00000)
  from space 17920K, 0% used [0x00000000eae80000,0x00000000eae80000,0x00000000ec000000)
  to   space 19456K, 0% used [0x00000000e9a00000,0x00000000e9a00000,0x00000000ead00000)
 ParOldGen       total 223232K, used 78871K [0x00000000a0000000, 0x00000000ada00000, 0x00000000e0000000)
  object space 223232K, 35% used [0x00000000a0000000,0x00000000a4d05ea0,0x00000000ada00000)
 Metaspace       used 80427K, capacity 84834K, committed 84992K, reserved 1122304K
  class space    used 10835K, capacity 11709K, committed 11776K, reserved 1048576K
Event: 984.725 GC heap after
Heap after GC invocations=29 (full 4):
 PSYoungGen      total 177152K, used 13390K [0x00000000e0000000, 0x00000000ed380000, 0x0000000100000000)
  eden space 157696K, 0% used [0x00000000e0000000,0x00000000e0000000,0x00000000e9a00000)
  from space 19456K, 68% used [0x00000000e9a00000,0x00000000ea713af0,0x00000000ead00000)
  to   space 19968K, 0% used [0x00000000ec000000,0x00000000ec000000,0x00000000ed380000)
 ParOldGen       total 223232K, used 78879K [0x00000000a0000000, 0x00000000ada00000, 0x00000000e0000000)
  object space 223232K, 35% used [0x00000000a0000000,0x00000000a4d07ea0,0x00000000ada00000)
 Metaspace       used 80427K, capacity 84834K, committed 84992K, reserved 1122304K
  class space    used 10835K, capacity 11709K, committed 11776K, reserved 1048576K
}
Event: 987.436 GC heap before
{Heap before GC invocations=30 (full 4):
 PSYoungGen      total 177152K, used 166594K [0x00000000e0000000, 0x00000000ed380000, 0x0000000100000000)
  eden space 157696K, 97% used [0x00000000e0000000,0x00000000e959d0c8,0x00000000e9a00000)
  from space 19456K, 68% used [0x00000000e9a00000,0x00000000ea713af0,0x00000000ead00000)
  to   space 19968K, 0% used [0x00000000ec000000,0x00000000ec000000,0x00000000ed380000)
 ParOldGen       total 223232K, used 78879K [0x00000000a0000000, 0x00000000ada00000, 0x00000000e0000000)
  object space 223232K, 35% used [0x00000000a0000000,0x00000000a4d07ea0,0x00000000ada00000)
 Metaspace       used 80616K, capacity 84982K, committed 85248K, reserved 1122304K
  class space    used 10836K, capacity 11711K, committed 11776K, reserved 1048576K
Event: 987.492 GC heap after
Heap after GC invocations=30 (full 4):
 PSYoungGen      total 197120K, used 11918K [0x00000000e0000000, 0x00000000ed580000, 0x0000000100000000)
  eden space 177152K, 0% used [0x00000000e0000000,0x00000000e0000000,0x00000000ead00000)
  from space 19968K, 59% used [0x00000000ec000000,0x00000000ecba38b0,0x00000000ed380000)
  to   space 19456K, 0% used [0x00000000ead00000,0x00000000ead00000,0x00000000ec000000)
 ParOldGen       total 223232K, used 148185K [0x00000000a0000000, 0x00000000ada00000, 0x00000000e0000000)
  object space 223232K, 66% used [0x00000000a0000000,0x00000000a90b64a0,0x00000000ada00000)
 Metaspace       used 80616K, capacity 84982K, committed 85248K, reserved 1122304K
  class space    used 10836K, capacity 11711K, committed 11776K, reserved 1048576K
}
Event: 6861.573 GC heap before
{Heap before GC invocations=31 (full 4):
 PSYoungGen      total 197120K, used 189070K [0x00000000e0000000, 0x00000000ed580000, 0x0000000100000000)
  eden space 177152K, 100% used [0x00000000e0000000,0x00000000ead00000,0x00000000ead00000)
  from space 19968K, 59% used [0x00000000ec000000,0x00000000ecba38b0,0x00000000ed380000)
  to   space 19456K, 0% used [0x00000000ead00000,0x00000000ead00000,0x00000000ec000000)
 ParOldGen       total 223232K, used 148185K [0x00000000a0000000, 0x00000000ada00000, 0x00000000e0000000)
  object space 223232K, 66% used [0x00000000a0000000,0x00000000a90b64a0,0x00000000ada00000)
 Metaspace       used 80743K, capacity 85180K, committed 85248K, reserved 1122304K
  class space    used 10839K, capacity 11712K, committed 11776K, reserved 1048576K
Event: 6861.594 GC heap after
Heap after GC invocations=31 (full 4):
 PSYoungGen      total 175104K, used 2942K [0x00000000e0000000, 0x00000000ecf00000, 0x0000000100000000)
  eden space 172032K, 0% used [0x00000000e0000000,0x00000000e0000000,0x00000000ea800000)
  from space 3072K, 95% used [0x00000000ead00000,0x00000000eafdf890,0x00000000eb000000)
  to   space 19968K, 0% used [0x00000000ebb80000,0x00000000ebb80000,0x00000000ecf00000)
 ParOldGen       total 223232K, used 148193K [0x00000000a0000000, 0x00000000ada00000, 0x00000000e0000000)
  object space 223232K, 66% used [0x00000000a0000000,0x00000000a90b84a0,0x00000000ada00000)
 Metaspace       used 80743K, capacity 85180K, committed 85248K, reserved 1122304K
  class space    used 10839K, capacity 11712K, committed 11776K, reserved 1048576K
}

