# JRE version: OpenJDK Runtime Environment (8.0_242-b01) (build 1.8.0_242-release-1644-b01)
# Java VM: OpenJDK 64-Bit Server VM (25.242-b01 mixed mode windows-amd64 compressed oops)
Heap:
 PSYoungGen      total 224256K, used 83258K [0x00000000e0000000, 0x00000000f2080000, 0x0000000100000000)
  eden space 204288K, 31% used [0x00000000e0000000,0x00000000e3ef51a0,0x00000000ec780000)
  from space 19968K, 94% used [0x00000000ec780000,0x00000000ed9d96c8,0x00000000edb00000)
  to   space 22528K, 0% used [0x00000000f0a80000,0x00000000f0a80000,0x00000000f2080000)
 ParOldGen       total 125952K, used 35033K [0x00000000a0000000, 0x00000000a7b00000, 0x00000000e0000000)
  object space 125952K, 27% used [0x00000000a0000000,0x00000000a2236450,0x00000000a7b00000)
 Metaspace       used 67200K, capacity 70672K, committed 70784K, reserved 1110016K
  class space    used 9337K, capacity 10099K, committed 10112K, reserved 1048576K
GC Heap History (10 events):
Event: 15.125 GC heap before
{Heap before GC invocations=12 (full 2):
 PSYoungGen      total 139264K, used 128000K [0x00000000e0000000, 0x00000000eb680000, 0x0000000100000000)
  eden space 128000K, 100% used [0x00000000e0000000,0x00000000e7d00000,0x00000000e7d00000)
  from space 11264K, 0% used [0x00000000e7d00000,0x00000000e7d00000,0x00000000e8800000)
  to   space 12800K, 0% used [0x00000000eaa00000,0x00000000eaa00000,0x00000000eb680000)
 ParOldGen       total 83968K, used 18318K [0x00000000a0000000, 0x00000000a5200000, 0x00000000e0000000)
  object space 83968K, 21% used [0x00000000a0000000,0x00000000a11e3870,0x00000000a5200000)
 Metaspace       used 38457K, capacity 40196K, committed 40320K, reserved 1083392K
  class space    used 5255K, capacity 5653K, committed 5760K, reserved 1048576K
Event: 15.140 GC heap after
Heap after GC invocations=12 (full 2):
 PSYoungGen      total 174592K, used 6832K [0x00000000e0000000, 0x00000000eb800000, 0x0000000100000000)
  eden space 161792K, 0% used [0x00000000e0000000,0x00000000e0000000,0x00000000e9e00000)
  from space 12800K, 53% used [0x00000000eaa00000,0x00000000eb0ac2a0,0x00000000eb680000)
  to   space 12288K, 0% used [0x00000000e9e00000,0x00000000e9e00000,0x00000000eaa00000)
 ParOldGen       total 83968K, used 18326K [0x00000000a0000000, 0x00000000a5200000, 0x00000000e0000000)
  object space 83968K, 21% used [0x00000000a0000000,0x00000000a11e5870,0x00000000a5200000)
 Metaspace       used 38457K, capacity 40196K, committed 40320K, reserved 1083392K
  class space    used 5255K, capacity 5653K, committed 5760K, reserved 1048576K
}
Event: 18.801 GC heap before
{Heap before GC invocations=13 (full 2):
 PSYoungGen      total 174592K, used 168624K [0x00000000e0000000, 0x00000000eb800000, 0x0000000100000000)
  eden space 161792K, 100% used [0x00000000e0000000,0x00000000e9e00000,0x00000000e9e00000)
  from space 12800K, 53% used [0x00000000eaa00000,0x00000000eb0ac2a0,0x00000000eb680000)
  to   space 12288K, 0% used [0x00000000e9e00000,0x00000000e9e00000,0x00000000eaa00000)
 ParOldGen       total 83968K, used 18326K [0x00000000a0000000, 0x00000000a5200000, 0x00000000e0000000)
  object space 83968K, 21% used [0x00000000a0000000,0x00000000a11e5870,0x00000000a5200000)
 Metaspace       used 51747K, capacity 53778K, committed 53888K, reserved 1095680K
  class space    used 6887K, capacity 7292K, committed 7296K, reserved 1048576K
Event: 18.861 GC heap after
Heap after GC invocations=13 (full 2):
 PSYoungGen      total 174080K, used 12287K [0x00000000e0000000, 0x00000000eeb00000, 0x0000000100000000)
  eden space 161792K, 0% used [0x00000000e0000000,0x00000000e0000000,0x00000000e9e00000)
  from space 12288K, 99% used [0x00000000e9e00000,0x00000000ea9ffc48,0x00000000eaa00000)
  to   space 16384K, 0% used [0x00000000edb00000,0x00000000edb00000,0x00000000eeb00000)
 ParOldGen       total 83968K, used 25166K [0x00000000a0000000, 0x00000000a5200000, 0x00000000e0000000)
  object space 83968K, 29% used [0x00000000a0000000,0x00000000a18938f8,0x00000000a5200000)
 Metaspace       used 51747K, capacity 53778K, committed 53888K, reserved 1095680K
  class space    used 6887K, capacity 7292K, committed 7296K, reserved 1048576K
}
Event: 21.394 GC heap before
{Heap before GC invocations=14 (full 2):
 PSYoungGen      total 174080K, used 125888K [0x00000000e0000000, 0x00000000eeb00000, 0x0000000100000000)
  eden space 161792K, 70% used [0x00000000e0000000,0x00000000e6ef04f8,0x00000000e9e00000)
  from space 12288K, 99% used [0x00000000e9e00000,0x00000000ea9ffc48,0x00000000eaa00000)
  to   space 16384K, 0% used [0x00000000edb00000,0x00000000edb00000,0x00000000eeb00000)
 ParOldGen       total 83968K, used 25166K [0x00000000a0000000, 0x00000000a5200000, 0x00000000e0000000)
  object space 83968K, 29% used [0x00000000a0000000,0x00000000a18938f8,0x00000000a5200000)
 Metaspace       used 56413K, capacity 58982K, committed 59096K, reserved 1099776K
  class space    used 7688K, capacity 8261K, committed 8320K, reserved 1048576K
Event: 21.434 GC heap after
Heap after GC invocations=14 (full 2):
 PSYoungGen      total 220672K, used 16366K [0x00000000e0000000, 0x00000000ef280000, 0x0000000100000000)
  eden space 204288K, 0% used [0x00000000e0000000,0x00000000e0000000,0x00000000ec780000)
  from space 16384K, 99% used [0x00000000edb00000,0x00000000eeafbbf0,0x00000000eeb00000)
  to   space 19968K, 0% used [0x00000000ec780000,0x00000000ec780000,0x00000000edb00000)
 ParOldGen       total 83968K, used 29761K [0x00000000a0000000, 0x00000000a5200000, 0x00000000e0000000)
  object space 83968K, 35% used [0x00000000a0000000,0x00000000a1d10598,0x00000000a5200000)
 Metaspace       used 56413K, capacity 58982K, committed 59096K, reserved 1099776K
  class space    used 7688K, capacity 8261K, committed 8320K, reserved 1048576K
}
Event: 21.434 GC heap before
{Heap before GC invocations=15 (full 3):
 PSYoungGen      total 220672K, used 16366K [0x00000000e0000000, 0x00000000ef280000, 0x0000000100000000)
  eden space 204288K, 0% used [0x00000000e0000000,0x00000000e0000000,0x00000000ec780000)
  from space 16384K, 99% used [0x00000000edb00000,0x00000000eeafbbf0,0x00000000eeb00000)
  to   space 19968K, 0% used [0x00000000ec780000,0x00000000ec780000,0x00000000edb00000)
 ParOldGen       total 83968K, used 29761K [0x00000000a0000000, 0x00000000a5200000, 0x00000000e0000000)
  object space 83968K, 35% used [0x00000000a0000000,0x00000000a1d10598,0x00000000a5200000)
 Metaspace       used 56413K, capacity 58982K, committed 59096K, reserved 1099776K
  class space    used 7688K, capacity 8261K, committed 8320K, reserved 1048576K
Event: 21.750 GC heap after
Heap after GC invocations=15 (full 3):
 PSYoungGen      total 220672K, used 0K [0x00000000e0000000, 0x00000000ef280000, 0x0000000100000000)
  eden space 204288K, 0% used [0x00000000e0000000,0x00000000e0000000,0x00000000ec780000)
  from space 16384K, 0% used [0x00000000edb00000,0x00000000edb00000,0x00000000eeb00000)
  to   space 19968K, 0% used [0x00000000ec780000,0x00000000ec780000,0x00000000edb00000)
 ParOldGen       total 125952K, used 35025K [0x00000000a0000000, 0x00000000a7b00000, 0x00000000e0000000)
  object space 125952K, 27% used [0x00000000a0000000,0x00000000a2234450,0x00000000a7b00000)
 Metaspace       used 56402K, capacity 58946K, committed 59096K, reserved 1099776K
  class space    used 7685K, capacity 8255K, committed 8320K, reserved 1048576K
}
Event: 27.107 GC heap before
{Heap before GC invocations=16 (full 3):
 PSYoungGen      total 220672K, used 204288K [0x00000000e0000000, 0x00000000ef280000, 0x0000000100000000)
  eden space 204288K, 100% used [0x00000000e0000000,0x00000000ec780000,0x00000000ec780000)
  from space 16384K, 0% used [0x00000000edb00000,0x00000000edb00000,0x00000000eeb00000)
  to   space 19968K, 0% used [0x00000000ec780000,0x00000000ec780000,0x00000000edb00000)
 ParOldGen       total 125952K, used 35025K [0x00000000a0000000, 0x00000000a7b00000, 0x00000000e0000000)
  object space 125952K, 27% used [0x00000000a0000000,0x00000000a2234450,0x00000000a7b00000)
 Metaspace       used 64555K, capacity 67718K, committed 67840K, reserved 1107968K
  class space    used 8952K, capacity 9652K, committed 9728K, reserved 1048576K
Event: 27.157 GC heap after
Heap after GC invocations=16 (full 3):
 PSYoungGen      total 224256K, used 18789K [0x00000000e0000000, 0x00000000f2080000, 0x0000000100000000)
  eden space 204288K, 0% used [0x00000000e0000000,0x00000000e0000000,0x00000000ec780000)
  from space 19968K, 94% used [0x00000000ec780000,0x00000000ed9d96c8,0x00000000edb00000)
  to   space 22528K, 0% used [0x00000000f0a80000,0x00000000f0a80000,0x00000000f2080000)
 ParOldGen       total 125952K, used 35033K [0x00000000a0000000, 0x00000000a7b00000, 0x00000000e0000000)
  object space 125952K, 27% used [0x00000000a0000000,0x00000000a2236450,0x00000000a7b00000)
 Metaspace       used 64555K, capacity 67718K, committed 67840K, reserved 1107968K
  class space    used 8952K, capacity 9652K, committed 9728K, reserved 1048576K
}

