# JRE version: OpenJDK Runtime Environment (8.0_242-b01) (build 1.8.0_242-release-1644-b01)
# Java VM: OpenJDK 64-Bit Server VM (25.242-b01 mixed mode windows-amd64 compressed oops)
Heap:
 PSYoungGen      total 89088K, used 23297K [0x00000000e0000000, 0x00000000e7b80000, 0x0000000100000000)
  eden space 74752K, 15% used [0x00000000e0000000,0x00000000e0af4e38,0x00000000e4900000)
  from space 14336K, 84% used [0x00000000e4900000,0x00000000e54cb9c0,0x00000000e5700000)
  to   space 15872K, 12% used [0x00000000e6c00000,0x00000000e6e00000,0x00000000e7b80000)
 ParOldGen       total 79872K, used 20928K [0x00000000a0000000, 0x00000000a4e00000, 0x00000000e0000000)
  object space 79872K, 26% used [0x00000000a0000000,0x00000000a14700f8,0x00000000a4e00000)
 Metaspace       used 52919K, capacity 55216K, committed 55296K, reserved 1101824K
  class space    used 7084K, capacity 7639K, committed 7680K, reserved 1048576K
GC Heap History (10 events):
Event: 69.062 GC heap before
{Heap before GC invocations=17 (full 2):
 PSYoungGen      total 54272K, used 45706K [0x00000000e0000000, 0x00000000e4080000, 0x0000000100000000)
  eden space 43520K, 100% used [0x00000000e0000000,0x00000000e2a80000,0x00000000e2a80000)
  from space 10752K, 20% used [0x00000000e3600000,0x00000000e3822be0,0x00000000e4080000)
  to   space 11264K, 0% used [0x00000000e2a80000,0x00000000e2a80000,0x00000000e3580000)
 ParOldGen       total 79872K, used 14809K [0x00000000a0000000, 0x00000000a4e00000, 0x00000000e0000000)
  object space 79872K, 18% used [0x00000000a0000000,0x00000000a0e766c0,0x00000000a4e00000)
 Metaspace       used 37267K, capacity 38838K, committed 39040K, reserved 1083392K
  class space    used 5108K, capacity 5460K, committed 5504K, reserved 1048576K
Event: 69.069 GC heap after
Heap after GC invocations=17 (full 2):
 PSYoungGen      total 54784K, used 3346K [0x00000000e0000000, 0x00000000e5300000, 0x0000000100000000)
  eden space 43520K, 0% used [0x00000000e0000000,0x00000000e0000000,0x00000000e2a80000)
  from space 11264K, 29% used [0x00000000e2a80000,0x00000000e2dc4838,0x00000000e3580000)
  to   space 11264K, 0% used [0x00000000e4800000,0x00000000e4800000,0x00000000e5300000)
 ParOldGen       total 79872K, used 14817K [0x00000000a0000000, 0x00000000a4e00000, 0x00000000e0000000)
  object space 79872K, 18% used [0x00000000a0000000,0x00000000a0e786c0,0x00000000a4e00000)
 Metaspace       used 37267K, capacity 38838K, committed 39040K, reserved 1083392K
  class space    used 5108K, capacity 5460K, committed 5504K, reserved 1048576K
}
Event: 78.706 GC heap before
{Heap before GC invocations=18 (full 2):
 PSYoungGen      total 54784K, used 46866K [0x00000000e0000000, 0x00000000e5300000, 0x0000000100000000)
  eden space 43520K, 100% used [0x00000000e0000000,0x00000000e2a80000,0x00000000e2a80000)
  from space 11264K, 29% used [0x00000000e2a80000,0x00000000e2dc4838,0x00000000e3580000)
  to   space 11264K, 0% used [0x00000000e4800000,0x00000000e4800000,0x00000000e5300000)
 ParOldGen       total 79872K, used 14817K [0x00000000a0000000, 0x00000000a4e00000, 0x00000000e0000000)
  object space 79872K, 18% used [0x00000000a0000000,0x00000000a0e786c0,0x00000000a4e00000)
 Metaspace       used 40114K, capacity 41844K, committed 42112K, reserved 1085440K
  class space    used 5493K, capacity 5895K, committed 6016K, reserved 1048576K
Event: 78.717 GC heap after
Heap after GC invocations=18 (full 2):
 PSYoungGen      total 70656K, used 6248K [0x00000000e0000000, 0x00000000e5180000, 0x0000000100000000)
  eden space 60928K, 0% used [0x00000000e0000000,0x00000000e0000000,0x00000000e3b80000)
  from space 9728K, 64% used [0x00000000e4800000,0x00000000e4e1a238,0x00000000e5180000)
  to   space 11264K, 0% used [0x00000000e3b80000,0x00000000e3b80000,0x00000000e4680000)
 ParOldGen       total 79872K, used 14825K [0x00000000a0000000, 0x00000000a4e00000, 0x00000000e0000000)
  object space 79872K, 18% used [0x00000000a0000000,0x00000000a0e7a6c0,0x00000000a4e00000)
 Metaspace       used 40114K, capacity 41844K, committed 42112K, reserved 1085440K
  class space    used 5493K, capacity 5895K, committed 6016K, reserved 1048576K
}
Event: 86.176 GC heap before
{Heap before GC invocations=19 (full 2):
 PSYoungGen      total 70656K, used 67176K [0x00000000e0000000, 0x00000000e5180000, 0x0000000100000000)
  eden space 60928K, 100% used [0x00000000e0000000,0x00000000e3b80000,0x00000000e3b80000)
  from space 9728K, 64% used [0x00000000e4800000,0x00000000e4e1a238,0x00000000e5180000)
  to   space 11264K, 0% used [0x00000000e3b80000,0x00000000e3b80000,0x00000000e4680000)
 ParOldGen       total 79872K, used 14825K [0x00000000a0000000, 0x00000000a4e00000, 0x00000000e0000000)
  object space 79872K, 18% used [0x00000000a0000000,0x00000000a0e7a6c0,0x00000000a4e00000)
 Metaspace       used 45924K, capacity 47736K, committed 47872K, reserved 1091584K
  class space    used 6212K, capacity 6622K, committed 6656K, reserved 1048576K
Event: 86.220 GC heap after
Heap after GC invocations=19 (full 2):
 PSYoungGen      total 72192K, used 10561K [0x00000000e0000000, 0x00000000e6300000, 0x0000000100000000)
  eden space 60928K, 0% used [0x00000000e0000000,0x00000000e0000000,0x00000000e3b80000)
  from space 11264K, 93% used [0x00000000e3b80000,0x00000000e45d06f8,0x00000000e4680000)
  to   space 12288K, 0% used [0x00000000e5700000,0x00000000e5700000,0x00000000e6300000)
 ParOldGen       total 79872K, used 14833K [0x00000000a0000000, 0x00000000a4e00000, 0x00000000e0000000)
  object space 79872K, 18% used [0x00000000a0000000,0x00000000a0e7c6c0,0x00000000a4e00000)
 Metaspace       used 45924K, capacity 47736K, committed 47872K, reserved 1091584K
  class space    used 6212K, capacity 6622K, committed 6656K, reserved 1048576K
}
Event: 93.261 GC heap before
{Heap before GC invocations=20 (full 2):
 PSYoungGen      total 72192K, used 71489K [0x00000000e0000000, 0x00000000e6300000, 0x0000000100000000)
  eden space 60928K, 100% used [0x00000000e0000000,0x00000000e3b80000,0x00000000e3b80000)
  from space 11264K, 93% used [0x00000000e3b80000,0x00000000e45d06f8,0x00000000e4680000)
  to   space 12288K, 0% used [0x00000000e5700000,0x00000000e5700000,0x00000000e6300000)
 ParOldGen       total 79872K, used 14833K [0x00000000a0000000, 0x00000000a4e00000, 0x00000000e0000000)
  object space 79872K, 18% used [0x00000000a0000000,0x00000000a0e7c6c0,0x00000000a4e00000)
 Metaspace       used 51541K, capacity 53638K, committed 53888K, reserved 1095680K
  class space    used 6861K, capacity 7287K, committed 7296K, reserved 1048576K
Event: 93.293 GC heap after
Heap after GC invocations=20 (full 2):
 PSYoungGen      total 87040K, used 12269K [0x00000000e0000000, 0x00000000e6680000, 0x0000000100000000)
  eden space 74752K, 0% used [0x00000000e0000000,0x00000000e0000000,0x00000000e4900000)
  from space 12288K, 99% used [0x00000000e5700000,0x00000000e62fb4e0,0x00000000e6300000)
  to   space 14336K, 0% used [0x00000000e4900000,0x00000000e4900000,0x00000000e5700000)
 ParOldGen       total 79872K, used 16335K [0x00000000a0000000, 0x00000000a4e00000, 0x00000000e0000000)
  object space 79872K, 20% used [0x00000000a0000000,0x00000000a0ff3f68,0x00000000a4e00000)
 Metaspace       used 51541K, capacity 53638K, committed 53888K, reserved 1095680K
  class space    used 6861K, capacity 7287K, committed 7296K, reserved 1048576K
}
Event: 95.675 GC heap before
{Heap before GC invocations=21 (full 2):
 PSYoungGen      total 87040K, used 87021K [0x00000000e0000000, 0x00000000e6680000, 0x0000000100000000)
  eden space 74752K, 100% used [0x00000000e0000000,0x00000000e4900000,0x00000000e4900000)
  from space 12288K, 99% used [0x00000000e5700000,0x00000000e62fb4e0,0x00000000e6300000)
  to   space 14336K, 0% used [0x00000000e4900000,0x00000000e4900000,0x00000000e5700000)
 ParOldGen       total 79872K, used 16335K [0x00000000a0000000, 0x00000000a4e00000, 0x00000000e0000000)
  object space 79872K, 20% used [0x00000000a0000000,0x00000000a0ff3f68,0x00000000a4e00000)
 Metaspace       used 52501K, capacity 54738K, committed 54912K, reserved 1097728K
  class space    used 7026K, capacity 7504K, committed 7552K, reserved 1048576K
Event: 95.718 GC heap after
Heap after GC invocations=21 (full 2):
 PSYoungGen      total 89088K, used 12078K [0x00000000e0000000, 0x00000000e7b80000, 0x0000000100000000)
  eden space 74752K, 0% used [0x00000000e0000000,0x00000000e0000000,0x00000000e4900000)
  from space 14336K, 84% used [0x00000000e4900000,0x00000000e54cb9c0,0x00000000e5700000)
  to   space 15872K, 0% used [0x00000000e6c00000,0x00000000e6c00000,0x00000000e7b80000)
 ParOldGen       total 79872K, used 19190K [0x00000000a0000000, 0x00000000a4e00000, 0x00000000e0000000)
  object space 79872K, 24% used [0x00000000a0000000,0x00000000a12bd858,0x00000000a4e00000)
 Metaspace       used 52501K, capacity 54738K, committed 54912K, reserved 1097728K
  class space    used 7026K, capacity 7504K, committed 7552K, reserved 1048576K
}

